<?xml version="1.0" encoding="UTF-8"?>
<!-- Generated by org.testng.reporters.JUnitXMLReporter -->
<testsuite ignored="0" hostname="DESKTOP-HOI5RM5" failures="0" tests="2" name="Head Tails Application Test" time="17.095" errors="0" timestamp="2024-08-22T19:16:01 IST">
  <testcase classname="com.qa.tests.HeadTailsTest" name="headTailsTitleValidation" time="0.029"/>
  <testcase classname="com.qa.tests.HeadTailsTest" name="getPriceValidation" time="7.576"/>
</testsuite> <!-- Head Tails Application Test -->
